\BOOKMARK [1][-]{section.1}{\376\377\000W\000i\000n\000t\000e\000r\000\040\000s\000e\000m\000e\000s\000t\000e\000r\000\040\000a\000d\000d\000e\000n\000d\000u\000m}{}% 1
\BOOKMARK [2][-]{subsection.1.1}{\376\377\000W\000e\000a\000k\000*\000\040\000c\000o\000n\000v\000e\000r\000g\000e\000n\000c\000e}{section.1}% 2
\BOOKMARK [2][-]{subsection.1.2}{\376\377\000R\000e\000g\000u\000l\000a\000r\000i\000t\000y\000\040\000o\000f\000\040\000p\000a\000r\000a\000b\000o\000l\000i\000c\000\040\000p\000r\000o\000b\000l\000e\000m\000s}{section.1}% 3
\BOOKMARK [2][-]{subsection.1.3}{\376\377\000U\000n\000i\000q\000u\000e\000n\000e\000s\000s\000\040\000o\000f\000\040\000s\000o\000l\000u\000t\000i\000o\000n\000s\000\040\000t\000o\000\040\000h\000y\000p\000e\000r\000b\000o\000l\000i\000c\000\040\000p\000r\000o\000b\000l\000e\000m\000s}{section.1}% 4
\BOOKMARK [1][-]{section.2}{\376\377\000S\000o\000b\000o\000l\000e\000v\000\040\000s\000p\000a\000c\000e\000s\000\040\000r\000e\000v\000i\000s\000i\000t\000e\000d}{}% 5
\BOOKMARK [2][-]{subsection.2.1}{\376\377\000T\000o\000o\000l\000s\000\040\000f\000r\000o\000m\000\040\000f\000u\000n\000c\000t\000i\000o\000n\000a\000l\000\040\000a\000n\000a\000l\000y\000s\000i\000s}{section.2}% 6
\BOOKMARK [2][-]{subsection.2.2}{\376\377\000D\000e\000n\000s\000i\000t\000y\000\040\000o\000f\000\040\000s\000m\000o\000o\000t\000h\000\040\000f\000u\000n\000c\000t\000i\000o\000n\000s}{section.2}% 7
\BOOKMARK [2][-]{subsection.2.3}{\376\377\000E\000x\000t\000e\000n\000s\000i\000o\000n\000\040\000o\000f\000\040\000S\000o\000b\000o\000l\000e\000v\000\040\000f\000u\000n\000c\000t\000i\000o\000n\000s}{section.2}% 8
\BOOKMARK [2][-]{subsection.2.4}{\376\377\000E\000m\000b\000e\000d\000d\000i\000n\000g\000\040\000t\000h\000e\000o\000r\000e\000m\000s}{section.2}% 9
\BOOKMARK [3][-]{subsubsection.2.4.1}{\376\377\000T\000h\000e\000o\000r\000e\000m\000s\000\040\000f\000o\000r\000\040\000p\000\040\000d}{subsection.2.4}% 10
\BOOKMARK [3][-]{subsubsection.2.4.2}{\376\377\000T\000h\000e\000o\000r\000e\000m\000s\000\040\000f\000o\000r\000\040\000p\000>\000d}{subsection.2.4}% 11
\BOOKMARK [2][-]{subsection.2.5}{\376\377\000T\000r\000a\000c\000e\000\040\000t\000h\000e\000o\000r\000e\000m\000s}{section.2}% 12
\BOOKMARK [2][-]{subsection.2.6}{\376\377\000F\000i\000n\000e\000\040\000p\000r\000o\000p\000e\000r\000t\000i\000e\000s\000\040\000o\000f\000\040\000S\000o\000b\000o\000l\000e\000v\000\040\000s\000p\000a\000c\000e\000s}{section.2}% 13
\BOOKMARK [3][-]{subsubsection.2.6.1}{\376\377\000C\000o\000m\000p\000o\000s\000i\000t\000i\000o\000n\000\040\000o\000f\000\040\000S\000o\000b\000o\000l\000e\000v\000\040\000f\000u\000n\000c\000t\000i\000o\000n\000s}{subsection.2.6}% 14
\BOOKMARK [3][-]{subsubsection.2.6.2}{\376\377\000D\000i\000f\000f\000e\000r\000e\000n\000c\000e\000\040\000q\000u\000o\000t\000i\000e\000n\000t\000s}{subsection.2.6}% 15
\BOOKMARK [3][-]{subsubsection.2.6.3}{\376\377\000R\000e\000p\000r\000e\000s\000e\000n\000t\000a\000t\000i\000o\000n\000\040\000o\000f\000\040\000d\000u\000a\000l\000s}{subsection.2.6}% 16
\BOOKMARK [1][-]{section.3}{\376\377\000N\000o\000n\000l\000i\000n\000e\000a\000r\000\040\000e\000l\000l\000i\000p\000t\000i\000c\000\040\000e\000q\000u\000a\000t\000i\000o\000n\000s\000\040\000a\000s\000\040\000c\000o\000m\000p\000a\000c\000t\000\040\000p\000e\000r\000t\000u\000r\000b\000a\000t\000i\000o\000n\000s}{}% 17
\BOOKMARK [2][-]{subsubsection.3.0.1}{\376\377\000P\000r\000o\000b\000l\000e\000m\000\040\000p\000r\000o\000t\000y\000p\000e\000s}{section.3}% 18
\BOOKMARK [1][-]{section.4}{\376\377\000N\000o\000n\000l\000i\000n\000e\000a\000r\000\040\000e\000l\000l\000i\000p\000t\000i\000c\000\040\000e\000q\000u\000a\000t\000i\000o\000n\000s\000\040\000-\000\040\000m\000o\000n\000o\000t\000o\000n\000e\000\040\000o\000p\000e\000r\000a\000t\000o\000r\000\040\000t\000h\000e\000o\000r\000y}{}% 19
\BOOKMARK [1][-]{section.5}{\376\377\000C\000a\000l\000c\000u\000l\000u\000s\000\040\000o\000f\000\040\000v\000a\000r\000i\000a\000t\000i\000o\000n\000s}{}% 20
\BOOKMARK [1][-]{section.6}{\376\377\000S\000e\000m\000i\000g\000r\000o\000u\000p\000\040\000t\000h\000e\000o\000r\000y}{}% 21
\BOOKMARK [1][-]{section.7}{\376\377\000\050\000S\000o\000m\000e\000\051\000\040\000e\000x\000e\000r\000c\000i\000s\000e\000s}{}% 22
\BOOKMARK [2][-]{subsection.7.1}{\376\377\0004\000.\0003\000.\0002\0000\0002\0005}{section.7}% 23
\BOOKMARK [2][-]{subsection.7.2}{\376\377\0008\000.\0004\000.\0002\0000\0002\0005}{section.7}% 24
