\BOOKMARK [1][-]{section.1}{\376\377\000T\000O\000D\000O}{}% 1
\BOOKMARK [1][-]{section.2}{\376\377\000G\000e\000o\000m\000e\000t\000r\000y}{}% 2
\BOOKMARK [1][-]{section.3}{\376\377\000D\000e\000f\000o\000r\000m\000a\000t\000i\000o\000n}{}% 3
\BOOKMARK [2][-]{subsection.3.1}{\376\377\000D\000i\000s\000p\000l\000a\000c\000e\000m\000e\000n\000t}{section.3}% 4
\BOOKMARK [2][-]{subsection.3.2}{\376\377\000C\000h\000a\000n\000g\000e\000s\000\040\000o\000f\000\040\000m\000e\000a\000s\000u\000r\000e\000s}{section.3}% 5
\BOOKMARK [3][-]{subsubsection.3.2.1}{\376\377\000C\000h\000a\000n\000g\000e\000\040\000o\000f\000\040\000v\000o\000l\000u\000m\000e}{subsection.3.2}% 6
\BOOKMARK [3][-]{subsubsection.3.2.2}{\376\377\000C\000h\000a\000n\000g\000e\000\040\000o\000f\000\040\000l\000e\000n\000g\000t\000h\000s}{subsection.3.2}% 7
\BOOKMARK [3][-]{subsubsection.3.2.3}{\376\377\000C\000h\000a\000n\000g\000e\000\040\000o\000f\000\040\000s\000u\000r\000f\000a\000c\000e\000s}{subsection.3.2}% 8
\BOOKMARK [2][-]{subsection.3.3}{\376\377\000A\000f\000f\000i\000n\000e\000\040\000t\000r\000a\000n\000s\000f\000o\000r\000m\000a\000t\000i\000o\000n\000s}{section.3}% 9
\BOOKMARK [1][-]{section.4}{\376\377\000F\000o\000r\000c\000e\000s}{}% 10
\BOOKMARK [2][-]{subsection.4.1}{\376\377\000F\000o\000r\000c\000e\000s\000\040\000i\000n\000\040\000t\000h\000e\000\040\000d\000e\000f\000o\000r\000m\000e\000d\000\040\000c\000o\000n\000f\000i\000g\000u\000r\000a\000t\000i\000o\000n}{section.4}% 11
\BOOKMARK [3][-]{subsubsection.4.1.1}{\376\377\000C\000a\000u\000c\000h\000y\000\040\000s\000t\000r\000e\000s\000s\000\040\000t\000e\000n\000s\000o\000r}{subsection.4.1}% 12
\BOOKMARK [3][-]{subsubsection.4.1.2}{\376\377\000B\000a\000l\000a\000n\000c\000e\000\040\000e\000q\000u\000a\000t\000i\000o\000n\000s\000\040\000i\000n\000\040\000t\000h\000e\000\040\000d\000e\000f\000o\000r\000m\000e\000d\000\040\000c\000o\000n\000f\000i\000g\000u\000r\000a\000t\000i\000o\000n}{subsection.4.1}% 13
\BOOKMARK [2][-]{subsection.4.2}{\376\377\000F\000o\000r\000c\000e\000s\000\040\000i\000n\000\040\000t\000h\000e\000\040\000u\000n\000d\000e\000f\000o\000r\000m\000e\000d\000\040\000c\000o\000n\000f\000i\000g\000u\000r\000a\000t\000i\000o\000n}{section.4}% 14
\BOOKMARK [3][-]{subsubsection.4.2.1}{\376\377\000P\000i\000o\000l\000a\000-\000K\000i\000r\000c\000h\000h\000o\000f\000f\000\040\000s\000t\000r\000e\000s\000s\000e\000s}{subsection.4.2}% 15
\BOOKMARK [3][-]{subsubsection.4.2.2}{\376\377\000B\000a\000l\000a\000n\000c\000e\000\040\000e\000q\000u\000a\000t\000i\000o\000n\000s\000\040\000i\000n\000\040\000t\000h\000e\000\040\000d\000e\000f\000o\000r\000m\000e\000d\000\040\000c\000o\000n\000f\000i\000g\000u\000r\000a\000t\000i\000o\000n}{subsection.4.2}% 16
\BOOKMARK [1][-]{section.5}{\376\377\000E\000l\000a\000s\000t\000i\000c\000i\000t\000y}{}% 17
\BOOKMARK [2][-]{subsection.5.1}{\376\377\000F\000r\000a\000m\000e\000\040\000i\000n\000v\000a\000r\000i\000a\000n\000c\000e\000\040\000p\000r\000i\000n\000c\000i\000p\000l\000e}{section.5}% 18
\BOOKMARK [2][-]{subsection.5.2}{\376\377\000I\000s\000o\000t\000r\000o\000p\000i\000c\000\040\000m\000a\000t\000e\000r\000i\000a\000l}{section.5}% 19
\BOOKMARK [2][-]{subsection.5.3}{\376\377\000H\000y\000p\000e\000r\000e\000l\000a\000s\000t\000i\000c\000\040\000m\000a\000t\000e\000r\000i\000a\000l\000s}{section.5}% 20
\BOOKMARK [2][-]{subsection.5.4}{\376\377\000P\000r\000o\000p\000e\000r\000t\000i\000e\000s\000\040\000o\000f\000\040\000W}{section.5}% 21
\BOOKMARK [2][-]{subsection.5.5}{\376\377\000R\000a\000n\000k\000-\000o\000n\000e\000\040\000c\000o\000n\000v\000e\000x\000i\000t\000y}{section.5}% 22
\BOOKMARK [1][-]{section.6}{\376\377\000L\000i\000n\000e\000a\000r\000i\000z\000e\000d\000\040\000e\000l\000a\000s\000t\000i\000c\000i\000t\000y}{}% 23
\BOOKMARK [2][-]{subsection.6.1}{\376\377\000E\000q\000u\000a\000t\000i\000o\000n\000s}{section.6}% 24
\BOOKMARK [2][-]{subsection.6.2}{\376\377\000C\000o\000n\000v\000e\000x\000\040\000a\000n\000a\000l\000y\000s\000i\000s}{section.6}% 25
\BOOKMARK [2][-]{subsection.6.3}{\376\377\000P\000r\000o\000b\000l\000e\000m\000\040\000o\000f\000\040\000a\000\040\000m\000a\000n\000.\000.\000.}{section.6}% 26
\BOOKMARK [2][-]{subsection.6.4}{\376\377\000v\000o\000n\000\040\000M\000i\000e\000s\000e\000s\000\040\000e\000l\000a\000t\000o\000p\000l\000a\000s\000t\000i\000c\000i\000t\000y}{section.6}% 27
\BOOKMARK [3][-]{subsubsection.6.4.1}{\376\377\000P\000l\000a\000s\000t\000i\000c\000\040\000e\000v\000o\000l\000u\000t\000i\000o\000n}{subsection.6.4}% 28
\BOOKMARK [3][-]{subsubsection.6.4.2}{\376\377\000D\000i\000s\000c\000r\000e\000t\000e\000\040\000t\000i\000m\000e\000\040\000s\000e\000t\000t\000i\000n\000g}{subsection.6.4}% 29
\BOOKMARK [2][-]{subsection.6.5}{\376\377\000R\000h\000e\000o\000l\000o\000g\000i\000c\000a\000l\000\040\000m\000o\000d\000e\000l\000s}{section.6}% 30
\BOOKMARK [3][-]{subsubsection.6.5.1}{\376\377\000D\000a\000s\000h\000p\000o\000t\000s}{subsection.6.5}% 31
\BOOKMARK [3][-]{subsubsection.6.5.2}{\376\377\000K\000e\000l\000v\000i\000n\000-\000V\000o\000i\000g\000t\000\040\000m\000a\000t\000e\000i\000a\000l}{subsection.6.5}% 32
\BOOKMARK [3][-]{subsubsection.6.5.3}{\376\377\000M\000a\000x\000w\000e\000l\000l\000\040\000m\000a\000t\000e\000r\000i\000a\000l}{subsection.6.5}% 33
\BOOKMARK [2][-]{subsection.6.6}{\376\377\000I\000n\000t\000e\000r\000n\000a\000l\000\040\000p\000a\000r\000a\000m\000e\000t\000e\000r\000s}{section.6}% 34
\BOOKMARK [1][-]{section.7}{\376\377\000T\000h\000e\000r\000m\000o\000d\000y\000n\000a\000m\000i\000c\000s\000\040\000i\000n\000\040\000t\000h\000e\000\040\000f\000r\000a\000m\000e\000w\000o\000r\000k\000\040\000o\000f\000\040\000G\000S\000M\000\040\000\050\000g\000e\000n\000e\000r\000a\000l\000i\000z\000e\000d\000\040\000s\000t\000a\000n\000d\000a\000r\000d\000\040\000m\000a\000t\000e\000r\000i\000a\000l\000s\000\051}{}% 35
\BOOKMARK [1][-]{section.8}{\376\377\000S\000u\000m\000m\000a\000r\000y}{}% 36
\BOOKMARK [1][-]{section.9}{\376\377\000\050\000S\000o\000m\000e\000\051\000\040\000t\000u\000t\000o\000r\000i\000a\000l\000s}{}% 37
\BOOKMARK [2][-]{subsection.9.1}{\376\377\000C\000h\000a\000n\000g\000e\000\040\000o\000f\000\040\000o\000b\000s\000e\000r\000v\000e\000r}{section.9}% 38
\BOOKMARK [2][-]{subsection.9.2}{\376\377\000C\000h\000a\000n\000g\000e\000\040\000o\000f\000\040\000r\000e\000f\000e\000r\000e\000n\000c\000e\000\040\000c\000o\000n\000f\000i\000g\000u\000r\000a\000t\000i\000o\000n}{section.9}% 39
\BOOKMARK [2][-]{subsection.9.3}{\376\377\000C\000o\000n\000s\000e\000q\000u\000e\000n\000c\000e\000s\000\040\000o\000f\000\040\000i\000s\000o\000t\000r\000o\000p\000i\000c\000\040\000h\000y\000p\000e\000r\000e\000l\000a\000s\000t\000i\000c\000\040\000s\000o\000l\000i\000d}{section.9}% 40
\BOOKMARK [2][-]{subsection.9.4}{\376\377\000R\000e\000p\000r\000e\000s\000e\000n\000t\000a\000t\000i\000o\000n\000\040\000i\000n\000\040\000t\000e\000r\000m\000s\000\040\000o\000f\000\040\000p\000r\000i\000n\000c\000i\000p\000i\000a\000l\000\040\000s\000t\000r\000e\000s\000s\000e\000s}{section.9}% 41
\BOOKMARK [2][-]{subsection.9.5}{\376\377\000H\000y\000p\000e\000r\000e\000l\000a\000s\000t\000i\000c\000i\000t\000y\000\040\000w\000i\000t\000h\000\040\000c\000o\000n\000s\000t\000r\000a\000i\000n\000t\000s}{section.9}% 42
\BOOKMARK [2][-]{subsection.9.6}{\376\377\000R\000a\000t\000i\000o\000n\000a\000l\000\040\000t\000h\000e\000r\000m\000o\000d\000y\000n\000a\000m\000i\000c\000s}{section.9}% 43
\BOOKMARK [3][-]{subsubsection.9.6.1}{\376\377\000C\000l\000a\000u\000s\000i\000u\000s\000-\000D\000u\000h\000e\000m\000\040\000i\000n\000e\000q\000u\000a\000l\000i\000t\000y}{subsection.9.6}% 44
\BOOKMARK [3][-]{subsubsection.9.6.2}{\376\377\000I\000s\000o\000t\000h\000e\000r\000m\000a\000l\000\040\000s\000e\000t\000t\000i\000n\000g}{subsection.9.6}% 45
\BOOKMARK [2][-]{subsection.9.7}{\376\377\000I\000n\000f\000l\000a\000t\000i\000o\000n\000\040\000o\000f\000\040\000a\000\040\000h\000y\000p\000e\000r\000e\000l\000a\000s\000t\000i\000c\000\040\000b\000a\000l\000l\000o\000o\000n}{section.9}% 46
\BOOKMARK [3][-]{subsubsection.9.7.1}{\376\377\000B\000i\000a\000x\000i\000a\000l\000\040\000d\000e\000f\000o\000r\000m\000a\000t\000i\000o\000n\000\040\000o\000f\000\040\000a\000\040\000i\000n\000c\000o\000m\000p\000r\000e\000s\000s\000i\000b\000l\000e\000\040\000h\000y\000p\000e\000r\000e\000l\000a\000s\000t\000i\000c\000\040\000s\000h\000e\000e\000t}{subsection.9.7}% 47
\BOOKMARK [3][-]{subsubsection.9.7.2}{\376\377\000S\000i\000m\000p\000l\000i\000f\000i\000e\000d\000\040\000a\000p\000p\000r\000o\000a\000c\000h\000\040\000f\000o\000r\000\040\000a\000\040\000b\000a\000l\000l\000o\000o\000n}{subsection.9.7}% 48
\BOOKMARK [3][-]{subsubsection.9.7.3}{\376\377\000E\000x\000a\000c\000t\000\040\000s\000o\000l\000u\000t\000i\000o\000n}{subsection.9.7}% 49
