\BOOKMARK [0][-]{chapter.1}{\376\377\000M\000e\000c\000h\000a\000n\000i\000c\000s}{}% 1
\BOOKMARK [1][-]{section.1.1}{\376\377\000G\000e\000o\000m\000e\000t\000r\000y}{chapter.1}% 2
\BOOKMARK [1][-]{section.1.2}{\376\377\000K\000i\000n\000e\000m\000a\000t\000i\000c\000s}{chapter.1}% 3
\BOOKMARK [1][-]{section.1.3}{\376\377\000D\000y\000n\000a\000m\000i\000c\000s}{chapter.1}% 4
\BOOKMARK [0][-]{chapter.2}{\376\377\000T\000h\000e\000r\000m\000o\000d\000y\000n\000a\000m\000i\000c\000s}{}% 5
\BOOKMARK [1][-]{section.2.1}{\376\377\000C\000o\000n\000s\000e\000r\000v\000a\000t\000i\000o\000n\000\040\000o\000f\000\040\000e\000n\000e\000r\000g\000y}{chapter.2}% 6
\BOOKMARK [1][-]{section.2.2}{\376\377\000E\000n\000t\000r\000o\000p\000y\000\040\000p\000r\000o\000d\000u\000c\000t\000i\000o\000n}{chapter.2}% 7
\BOOKMARK [0][-]{chapter.3}{\376\377\000S\000o\000l\000i\000d\000s}{}% 8
\BOOKMARK [0][-]{chapter.4}{\376\377\000F\000l\000u\000i\000d\000s}{}% 9
\BOOKMARK [0][-]{chapter.5}{\376\377\000N\000o\000n\000-\000n\000e\000w\000t\000o\000n\000i\000a\000n\000\040\000f\000l\000u\000i\000d\000s}{}% 10
\BOOKMARK [0][-]{chapter.6}{\376\377\000S\000t\000a\000b\000i\000l\000i\000t\000y\000\040\000o\000f\000\040\000f\000l\000u\000i\000d\000\040\000f\000l\000o\000w\000s}{}% 11
\BOOKMARK [1][-]{section.6.1}{\376\377\000S\000t\000a\000b\000i\000l\000i\000t\000y\000\040\000o\000f\000\040\000f\000l\000u\000i\000d\000\040\000f\000l\000o\000w\000s}{chapter.6}% 12
\BOOKMARK [2][-]{subsection.6.1.1}{\376\377\000E\000n\000e\000r\000g\000y\000\040\000t\000h\000e\000o\000r\000y}{section.6.1}% 13
\BOOKMARK [2][-]{subsection.6.1.2}{\376\377\000R\000a\000y\000l\000e\000i\000g\000h\000-\000B\000\351\000n\000a\000r\000d\000\040\000c\000o\000n\000v\000e\000c\000t\000i\000o\000n}{section.6.1}% 14
\BOOKMARK [2][-]{subsection.6.1.3}{\376\377\000O\000r\000r\000-\000S\000o\000m\000m\000e\000r\000f\000e\000l\000d\000\040\000s\000y\000s\000t\000e\000m}{section.6.1}% 15
\BOOKMARK [2][-]{subsection.6.1.4}{\376\377\000E\000i\000g\000e\000n\000v\000a\000l\000u\000e\000\040\000p\000r\000o\000b\000l\000e\000m\000\040\000f\000o\000r\000\040\000d\000i\000f\000f\000e\000r\000e\000n\000t\000i\000a\000l\000\040\000o\000p\000e\000r\000a\000t\000o\000r\000s}{section.6.1}% 16
\BOOKMARK [0][-]{chapter.7}{\376\377\000C\000l\000a\000s\000s\000i\000c\000a\000l\000\040\000p\000r\000o\000b\000l\000e\000m\000s}{}% 17
\BOOKMARK [0][-]{chapter.8}{\376\377\000M\000i\000x\000t\000u\000r\000e\000s}{}% 18
\BOOKMARK [0][-]{chapter.9}{\376\377\000A\000d\000d\000e\000n\000d\000a}{}% 19
\BOOKMARK [1][-]{section.9.1}{\376\377\000D\000i\000f\000f\000e\000r\000e\000n\000t\000i\000a\000l\000\040\000g\000e\000o\000m\000e\000t\000r\000y}{chapter.9}% 20
\BOOKMARK [1][-]{section.9.2}{\376\377\000D\000i\000f\000f\000e\000r\000e\000n\000t\000i\000a\000l\000\040\000g\000e\000o\000m\000e\000t\000r\000y\000,\000\040\000t\000e\000n\000s\000o\000r\000\040\000c\000a\000l\000c\000u\000l\000u\000s}{chapter.9}% 21
\BOOKMARK [2][-]{subsection.9.2.1}{\376\377\000C\000u\000r\000v\000i\000l\000i\000n\000e\000a\000r\000\040\000c\000o\000o\000r\000d\000i\000n\000a\000t\000e\000s}{section.9.2}% 22
\BOOKMARK [2][-]{subsection.9.2.2}{\376\377\000C\000a\000l\000c\000u\000l\000u\000s}{section.9.2}% 23
\BOOKMARK [2][-]{subsection.9.2.3}{\376\377\000S\000u\000r\000f\000a\000c\000e\000\040\000g\000e\000o\000m\000e\000t\000r\000y}{section.9.2}% 24
\BOOKMARK [1][-]{section.9.3}{\376\377\000B\000i\000h\000a\000r\000m\000o\000n\000i\000c\000\040\000e\000q\000u\000a\000t\000i\000o\000n}{chapter.9}% 25
\BOOKMARK [1][-]{section.9.4}{\376\377\000C\000o\000n\000v\000e\000x\000\040\000a\000n\000a\000l\000y\000s\000i\000s}{chapter.9}% 26
