\BOOKMARK [1][-]{section.1}{\376\377\000C\000u\000r\000v\000i\000l\000i\000n\000e\000a\000r\000\040\000c\000o\000o\000r\000d\000i\000n\000a\000t\000e\000s\000,\000\040\000t\000e\000n\000s\000o\000r\000\040\000\046\000\040\000v\000e\000c\000t\000o\000r\000\040\000c\000a\000l\000c\000u\000l\000u\000s}{}% 1
\BOOKMARK [2][-]{subsection.1.1}{\376\377\000C\000u\000r\000v\000i\000l\000i\000n\000e\000a\000r\000\040\000c\000o\000o\000r\000d\000i\000n\000a\000t\000e\000s}{section.1}% 2
\BOOKMARK [3][-]{subsubsection.1.1.1}{\376\377\000B\000a\000s\000i\000s\000\040\000o\000f\000\040\000a\000\040\000v\000e\000c\000t\000o\000r\000\040\000s\000p\000a\000c\000e}{subsection.1.1}% 3
\BOOKMARK [3][-]{subsubsection.1.1.2}{\376\377\000V\000e\000c\000t\000o\000r\000\040\000f\000i\000e\000l\000d\000s}{subsection.1.1}% 4
\BOOKMARK [3][-]{subsubsection.1.1.3}{\376\377\000D\000o\000t\000\040\000p\000r\000o\000d\000u\000c\000t}{subsection.1.1}% 5
\BOOKMARK [3][-]{subsubsection.1.1.4}{\376\377\000D\000u\000a\000l\000\040\000s\000p\000a\000c\000e}{subsection.1.1}% 6
\BOOKMARK [3][-]{subsubsection.1.1.5}{\376\377\000C\000o\000v\000e\000c\000t\000o\000r\000\040\000f\000i\000e\000l\000d\000s}{subsection.1.1}% 7
\BOOKMARK [3][-]{subsubsection.1.1.6}{\376\377\000D\000i\000r\000e\000c\000t\000\040\000e\000x\000p\000r\000e\000s\000s\000i\000o\000n\000\040\000o\000f\000\040\000t\000h\000e\000\040\000C\000h\000r\000i\000s\000t\000o\000f\000f\000e\000l\000\040\000s\000y\000m\000b\000o\000l\000s}{subsection.1.1}% 8
\BOOKMARK [3][-]{subsubsection.1.1.7}{\376\377\000I\000n\000t\000e\000r\000c\000h\000a\000n\000g\000a\000b\000i\000l\000i\000t\000y\000\040\000o\000f\000\040\000t\000h\000e\000\040\000d\000e\000r\000i\000v\000a\000t\000i\000v\000e\000s}{subsection.1.1}% 9
\BOOKMARK [2][-]{subsection.1.2}{\376\377\000C\000a\000l\000c\000u\000l\000u\000s}{section.1}% 10
\BOOKMARK [3][-]{subsubsection.1.2.1}{\376\377\000G\000r\000a\000d\000i\000e\000n\000t}{subsection.1.2}% 11
\BOOKMARK [3][-]{subsubsection.1.2.2}{\376\377\000L\000a\000p\000l\000a\000c\000e\000-\000B\000e\000l\000t\000r\000a\000m\000i\000\040\000o\000p\000e\000r\000a\000t\000o\000r}{subsection.1.2}% 12
\BOOKMARK [3][-]{subsubsection.1.2.3}{\376\377\000B\000i\000p\000o\000l\000a\000r\000\040\000c\000o\000o\000r\000d\000i\000n\000a\000t\000e\000s}{subsection.1.2}% 13
\BOOKMARK [3][-]{subsubsection.1.2.4}{\376\377\000C\000o\000m\000p\000a\000t\000i\000b\000i\000l\000i\000t\000y\000\040\000c\000o\000n\000d\000i\000t\000i\000o\000n\000s\000\040\000i\000n\000\040\000l\000i\000n\000e\000a\000r\000i\000s\000e\000d\000\040\000e\000l\000a\000s\000t\000i\000c\000i\000t\000y}{subsection.1.2}% 14
\BOOKMARK [2][-]{subsection.1.3}{\376\377\000S\000u\000r\000f\000a\000c\000e\000\040\000g\000e\000o\000m\000e\000t\000r\000y}{section.1}% 15
\BOOKMARK [3][-]{subsubsection.1.3.1}{\376\377\000T\000a\000n\000g\000e\000n\000t\000\040\000a\000n\000d\000\040\000n\000o\000r\000m\000a\000l\000\040\000v\000e\000c\000t\000o\000r\000s}{subsection.1.3}% 16
\BOOKMARK [3][-]{subsubsection.1.3.2}{\376\377\000D\000i\000s\000t\000a\000n\000c\000e\000s\000\040\000a\000n\000d\000\040\000a\000n\000g\000l\000e\000s}{subsection.1.3}% 17
\BOOKMARK [3][-]{subsubsection.1.3.3}{\376\377\000D\000e\000r\000i\000v\000a\000t\000i\000v\000e\000s}{subsection.1.3}% 18
\BOOKMARK [3][-]{subsubsection.1.3.4}{\376\377\000C\000o\000m\000m\000u\000t\000a\000t\000i\000o\000n\000\040\000o\000f\000\040\000d\000e\000r\000i\000v\000a\000t\000i\000v\000e\000s}{subsection.1.3}% 19
\BOOKMARK [3][-]{subsubsection.1.3.5}{\376\377\000S\000u\000r\000f\000a\000c\000e\000s\000\040\000e\000v\000o\000l\000v\000i\000n\000g\000\040\000i\000n\000\040\000t\000i\000m\000e}{subsection.1.3}% 20
\BOOKMARK [1][-]{section.2}{\376\377\000L\000i\000n\000e\000a\000r\000i\000s\000e\000d\000\040\000e\000l\000a\000s\000t\000i\000c\000i\000t\000y}{}% 21
\BOOKMARK [2][-]{subsection.2.1}{\376\377\000P\000l\000a\000n\000e\000\040\000s\000t\000r\000e\000s\000s\000/\000s\000t\000r\000a\000i\000n\000\040\000p\000r\000o\000b\000l\000e\000m\000s}{section.2}% 22
\BOOKMARK [2][-]{subsection.2.2}{\376\377\000P\000l\000a\000n\000e\000\040\000s\000t\000r\000e\000s\000s\000\040\000p\000r\000o\000b\000l\000e\000m}{section.2}% 23
\BOOKMARK [2][-]{subsection.2.3}{\376\377\000P\000l\000a\000i\000n\000\040\000s\000t\000r\000a\000i\000n\000\040\000p\000r\000o\000b\000l\000e\000m}{section.2}% 24
\BOOKMARK [2][-]{subsection.2.4}{\376\377\000A\000i\000r\000y\000\040\000s\000t\000r\000e\000s\000s\000\040\000f\000u\000n\000c\000t\000i\000o\000n}{section.2}% 25
\BOOKMARK [2][-]{subsection.2.5}{\376\377\000B\000e\000n\000d\000i\000n\000g\000\040\000o\000f\000\040\000a\000\040\000n\000a\000r\000r\000o\000w\000\040\000r\000e\000c\000t\000a\000n\000g\000u\000l\000a\000r\000\040\000b\000e\000a\000m\000\040\000b\000y\000\040\000u\000n\000i\000f\000o\000r\000m\000\040\000l\000o\000a\000d}{section.2}% 26
\BOOKMARK [2][-]{subsection.2.6}{\376\377\000B\000i\000h\000a\000r\000m\000o\000n\000i\000c\000\040\000e\000q\000u\000a\000t\000i\000o\000n\000\040\000i\000n\000\040\000R\0002}{section.2}% 27
\BOOKMARK [2][-]{subsection.2.7}{\376\377\000E\000l\000l\000i\000p\000t\000i\000c\000\040\000h\000o\000l\000e\000\040\000i\000n\000\040\000u\000n\000i\000f\000o\000r\000m\000l\000y\000\040\000s\000t\000r\000e\000s\000s\000e\000d\000\040\000i\000n\000f\000i\000n\000i\000t\000e\000\040\000p\000l\000a\000n\000e}{section.2}% 28
\BOOKMARK [1][-]{section.3}{\376\377\000S\000t\000a\000b\000i\000l\000i\000t\000y\000\040\000o\000f\000\040\000f\000l\000u\000i\000d\000\040\000f\000l\000o\000w\000s}{}% 29
\BOOKMARK [2][-]{subsection.3.1}{\376\377\000E\000n\000e\000r\000g\000y\000\040\000t\000h\000e\000o\000r\000y}{section.3}% 30
\BOOKMARK [2][-]{subsection.3.2}{\376\377\000R\000a\000y\000l\000e\000i\000g\000h\000-\000B\000\351\000n\000a\000r\000d\000\040\000c\000o\000n\000v\000e\000c\000t\000i\000o\000n}{section.3}% 31
\BOOKMARK [3][-]{subsubsection.3.2.1}{\376\377\000B\000o\000u\000s\000s\000i\000n\000e\000s\000q\000\040\000a\000p\000p\000r\000o\000x\000i\000m\000a\000t\000i\000o\000n}{subsection.3.2}% 32
\BOOKMARK [3][-]{subsubsection.3.2.2}{\376\377\000S\000t\000e\000a\000d\000y\000\040\000s\000t\000a\000t\000e\000,\000\040\000p\000u\000r\000e\000\040\000c\000o\000n\000d\000u\000c\000t\000i\000o\000n\000\040\000\050\000v\000\040\000=\000\040\0000\000\051}{subsection.3.2}% 33
\BOOKMARK [3][-]{subsubsection.3.2.3}{\376\377\000P\000e\000r\000t\000u\000r\000b\000a\000t\000i\000o\000n\000\040\000o\000f\000\040\000t\000h\000e\000\040\000s\000t\000e\000a\000d\000y}{subsection.3.2}% 34
\BOOKMARK [3][-]{subsubsection.3.2.4}{\376\377\000N\000o\000n\000-\000d\000i\000m\000e\000n\000s\000o\000n\000a\000l\000i\000s\000a\000t\000i\000o\000n}{subsection.3.2}% 35
\BOOKMARK [3][-]{subsubsection.3.2.5}{\376\377\000F\000r\000e\000e\000-\000f\000r\000e\000e\000\040\000b\000o\000u\000n\000d\000a\000r\000y\000\040\000c\000o\000n\000d\000i\000t\000i\000o\000n\000s}{subsection.3.2}% 36
\BOOKMARK [3][-]{subsubsection.3.2.6}{\376\377\000T\000h\000e\000\040\000c\000a\000s\000e\000\040\000R\000a\000>\000\040\000R\000a\000\040\000c\000r\000i\000t\000\040\000\040\000"\000s\000l\000i\000g\000h\000t\000l\000y\000"}{subsection.3.2}% 37
\BOOKMARK [2][-]{subsection.3.3}{\376\377\000O\000r\000r\000-\000S\000o\000m\000m\000e\000r\000f\000e\000l\000d\000\040\000s\000y\000s\000t\000e\000m}{section.3}% 38
\BOOKMARK [2][-]{subsection.3.4}{\376\377\000E\000i\000g\000e\000n\000v\000a\000l\000u\000e\000\040\000p\000r\000o\000b\000l\000e\000m}{section.3}% 39
\BOOKMARK [3][-]{subsubsection.3.4.1}{\376\377\000A\000n\000a\000l\000y\000t\000i\000c\000a\000l\000\040\000a\000p\000p\000r\000o\000a\000c\000h}{subsection.3.4}% 40
\BOOKMARK [3][-]{subsubsection.3.4.2}{\376\377\000N\000u\000m\000e\000r\000i\000c\000a\000l\000\040\000a\000p\000p\000r\000o\000a\000c\000h}{subsection.3.4}% 41
